<?xml version="1.0" encoding="UTF-8"?>
<!-- Generated by org.testng.reporters.JUnitXMLReporter -->
<testsuite ignored="17" hostname="DESKTOP-FJU17SP" failures="0" tests="6" name="Regression" time="0.128" errors="0" timestamp="2022-06-22T20:47:48 IST">
  <testcase classname="test.R1" name="testCase2" time="0.013"/>
  <testcase classname="test.R2" name="testCase4" time="0.002"/>
  <testcase classname="test.R3" name="apiLogin" time="0.002"/>
  <testcase classname="test.R4" name="apiLoginHome" time="0.003"/>
  <testcase classname="test.R5" name="excludeTest" time="0.003"/>
  <testcase classname="test.R6" name="aregex3" time="0.004"/>
  <testcase classname="test.R4" name="webLoginHome" time="0.0">
    <ignored/>
  </testcase> <!-- webLoginHome -->
  <testcase classname="test.R4" name="mobileLoginHome" time="0.0">
    <ignored/>
  </testcase> <!-- mobileLoginHome -->
  <testcase classname="test.R8" name="apple" time="0.0">
    <ignored/>
  </testcase> <!-- apple -->
  <testcase classname="test.R3" name="mobileLogin" time="0.0">
    <ignored/>
  </testcase> <!-- mobileLogin -->
  <testcase classname="test.R3" name="webLogin" time="0.0">
    <ignored/>
  </testcase> <!-- webLogin -->
  <testcase classname="test.R2" name="testCase3" time="0.0">
    <ignored/>
  </testcase> <!-- testCase3 -->
  <testcase classname="test.R8" name="guava" time="0.0">
    <ignored/>
  </testcase> <!-- guava -->
  <testcase classname="test.R1" name="testCase1" time="0.0">
    <ignored/>
  </testcase> <!-- testCase1 -->
  <testcase classname="test.R7" name="test" time="0.0">
    <ignored/>
  </testcase> <!-- test -->
  <testcase classname="test.R5" name="includeTest" time="0.0">
    <ignored/>
  </testcase> <!-- includeTest -->
  <testcase classname="test.R6" name="regex2" time="0.0">
    <ignored/>
  </testcase> <!-- regex2 -->
  <testcase classname="test.R6" name="regex3" time="0.0">
    <ignored/>
  </testcase> <!-- regex3 -->
  <testcase classname="test.R8" name="banana" time="0.0">
    <ignored/>
  </testcase> <!-- banana -->
  <testcase classname="test.R6" name="regex1" time="0.0">
    <ignored/>
  </testcase> <!-- regex1 -->
  <testcase classname="test.R6" name="aregex1" time="0.0">
    <ignored/>
  </testcase> <!-- aregex1 -->
  <testcase classname="test.R6" name="aregex2" time="0.0">
    <ignored/>
  </testcase> <!-- aregex2 -->
  <testcase classname="test.R8" name="strawberry" time="0.0">
    <ignored/>
  </testcase> <!-- strawberry -->
</testsuite> <!-- Regression -->
