<?xml version="1.0" encoding="UTF-8"?>
<!-- Generated by org.testng.reporters.JUnitXMLReporter -->
<testsuite ignored="3" hostname="DESKTOP-FJU17SP" failures="0" tests="3" name="TestFolder4" time="0.023" errors="0" timestamp="2022-06-17T16:08:45 IST">
  <testcase classname="test.R6" name="regex1" time="0.004"/>
  <testcase classname="test.R6" name="regex2" time="0.003"/>
  <testcase classname="test.R6" name="regex3" time="0.004"/>
  <testcase classname="test.R6" name="aregex1" time="0.0">
    <ignored/>
  </testcase> <!-- aregex1 -->
  <testcase classname="test.R6" name="aregex2" time="0.0">
    <ignored/>
  </testcase> <!-- aregex2 -->
  <testcase classname="test.R6" name="aregex3" time="0.0">
    <ignored/>
  </testcase> <!-- aregex3 -->
</testsuite> <!-- TestFolder4 -->
