<?xml version="1.0" encoding="UTF-8"?>
<!-- Generated by org.testng.reporters.JUnitXMLReporter -->
<testsuite ignored="2" hostname="DESKTOP-FJU17SP" failures="0" tests="4" name="TestFolder2" time="0.054" errors="0" timestamp="2022-06-17T16:08:45 IST">
  <testcase classname="test.R3" name="apiLogin" time="0.002"/>
  <testcase classname="test.R3" name="mobileLogin" time="0.004"/>
  <testcase classname="test.R3" name="webLogin" time="0.008"/>
  <testcase classname="test.R4" name="apiLoginHome" time="0.004"/>
  <testcase classname="test.R4" name="webLoginHome" time="0.0">
    <ignored/>
  </testcase> <!-- webLoginHome -->
  <testcase classname="test.R4" name="mobileLoginHome" time="0.0">
    <ignored/>
  </testcase> <!-- mobileLoginHome -->
</testsuite> <!-- TestFolder2 -->
