<?xml version="1.0" encoding="UTF-8"?>
<testng-results ignored="17" total="23" passed="6" failed="0" skipped="0">
  <reporter-output>
  </reporter-output>
  <suite started-at="2022-06-22T20:47:47 IST" name="Suite" finished-at="2022-06-22T20:47:47 IST" duration-ms="128">
    <groups>
      <group name="Smoke">
        <method signature="R1.testCase2()[pri:0, instance:test.R1@29e495ff]" name="testCase2" class="test.R1"/>
        <method signature="R2.testCase4()[pri:0, instance:test.R2@5f9b2141]" name="testCase4" class="test.R2"/>
        <method signature="R3.apiLogin()[pri:0, instance:test.R3@247d8ae]" name="apiLogin" class="test.R3"/>
        <method signature="R4.apiLoginHome()[pri:0, instance:test.R4@6c130c45]" name="apiLoginHome" class="test.R4"/>
        <method signature="R5.excludeTest()[pri:0, instance:test.R5@50ad3bc1]" name="excludeTest" class="test.R5"/>
        <method signature="R6.aregex3()[pri:0, instance:test.R6@223aa2f7]" name="aregex3" class="test.R6"/>
      </group> <!-- Smoke -->
    </groups>
    <test started-at="2022-06-22T20:47:47 IST" name="Regression" finished-at="2022-06-22T20:47:47 IST" duration-ms="128">
      <class name="test.R6">
        <test-method signature="aregex3()[pri:0, instance:test.R6@223aa2f7]" started-at="2022-06-22T20:47:47 IST" name="aregex3" finished-at="2022-06-22T20:47:47 IST" duration-ms="4" status="PASS">
          <reporter-output>
          </reporter-output>
        </test-method> <!-- aregex3 -->
      </class> <!-- test.R6 -->
      <class name="test.R7">
        <test-method is-config="true" signature="afterSuite()[pri:0, instance:test.R7@25084a1e]" started-at="2022-06-22T20:47:48 IST" name="afterSuite" finished-at="2022-06-22T20:47:48 IST" duration-ms="2" status="PASS">
          <reporter-output>
          </reporter-output>
        </test-method> <!-- afterSuite -->
      </class> <!-- test.R7 -->
      <class name="test.R4">
        <test-method signature="apiLoginHome()[pri:0, instance:test.R4@6c130c45]" started-at="2022-06-22T20:47:47 IST" name="apiLoginHome" finished-at="2022-06-22T20:47:47 IST" duration-ms="3" status="PASS">
          <reporter-output>
          </reporter-output>
        </test-method> <!-- apiLoginHome -->
      </class> <!-- test.R4 -->
      <class name="test.R5">
        <test-method signature="excludeTest()[pri:0, instance:test.R5@50ad3bc1]" started-at="2022-06-22T20:47:47 IST" name="excludeTest" finished-at="2022-06-22T20:47:47 IST" duration-ms="3" status="PASS">
          <reporter-output>
          </reporter-output>
        </test-method> <!-- excludeTest -->
      </class> <!-- test.R5 -->
      <class name="test.R2">
        <test-method signature="testCase4()[pri:0, instance:test.R2@5f9b2141]" started-at="2022-06-22T20:47:47 IST" name="testCase4" finished-at="2022-06-22T20:47:47 IST" duration-ms="2" status="PASS">
          <reporter-output>
          </reporter-output>
        </test-method> <!-- testCase4 -->
      </class> <!-- test.R2 -->
      <class name="test.R3">
        <test-method signature="apiLogin()[pri:0, instance:test.R3@247d8ae]" started-at="2022-06-22T20:47:47 IST" name="apiLogin" finished-at="2022-06-22T20:47:47 IST" duration-ms="2" status="PASS">
          <reporter-output>
          </reporter-output>
        </test-method> <!-- apiLogin -->
      </class> <!-- test.R3 -->
      <class name="test.R1">
        <test-method signature="testCase2()[pri:0, instance:test.R1@29e495ff]" started-at="2022-06-22T20:47:47 IST" name="testCase2" finished-at="2022-06-22T20:47:47 IST" duration-ms="13" status="PASS">
          <reporter-output>
          </reporter-output>
        </test-method> <!-- testCase2 -->
      </class> <!-- test.R1 -->
    </test> <!-- Regression -->
  </suite> <!-- Suite -->
</testng-results>
